<?xml version="1.0" encoding="UTF-8"?>
<!-- Generated by org.testng.reporters.JUnitXMLReporter -->
<testsuite ignored="0" hostname="IN-TS-THZ1GZ" failures="0" tests="3" name="Default test" time="0.055" errors="0" timestamp="2026-01-12T08:00:10 IST">
  <testcase classname="AnnotaionsDemo2.GroupingDemo_Login" name="LoginEmail" time="0.008"/>
  <testcase classname="AnnotaionsDemo2.GroupingDemo_Login" name="loginFaceBook" time="0.001"/>
  <testcase classname="AnnotaionsDemo2.GroupingDemo_Login" name="loginInsta" time="0.001"/>
</testsuite> <!-- Default test -->
