<?xml version="1.0" encoding="UTF-8"?>
<!-- Generated by org.testng.reporters.JUnitXMLReporter -->
<testsuite ignored="6" hostname="IN-TS-THZ1GZ" failures="0" tests="3" name="grouping_Test" time="0.06" errors="0" timestamp="2026-01-12T08:32:12 IST">
  <testcase classname="AnnotaionsDemo2.GroupingDemo3_Payment" name="payBycash" time="0.009"/>
  <testcase classname="AnnotaionsDemo2.GroupingDemo3_Payment" name="payByonline" time="0.002"/>
  <testcase classname="AnnotaionsDemo2.GroupingDemo3_Payment" name="payCard" time="0.002"/>
  <testcase classname="AnnotaionsDemo2.GroupingDemo_Login" name="loginFaceBook" time="0.0">
    <ignored/>
  </testcase> <!-- loginFaceBook -->
  <testcase classname="AnnotaionsDemo2.GroupingDemo_Login" name="LoginEmail" time="0.0">
    <ignored/>
  </testcase> <!-- LoginEmail -->
  <testcase classname="AnnotaionsDemo2.GroupingDemo2_SignUp" name="signupFacebook" time="0.0">
    <ignored/>
  </testcase> <!-- signupFacebook -->
  <testcase classname="AnnotaionsDemo2.GroupingDemo2_SignUp" name="signupInsta" time="0.0">
    <ignored/>
  </testcase> <!-- signupInsta -->
  <testcase classname="AnnotaionsDemo2.GroupingDemo2_SignUp" name="signupEmail" time="0.0">
    <ignored/>
  </testcase> <!-- signupEmail -->
  <testcase classname="AnnotaionsDemo2.GroupingDemo_Login" name="loginInsta" time="0.0">
    <ignored/>
  </testcase> <!-- loginInsta -->
</testsuite> <!-- grouping_Test -->
