<?xml version="1.0" encoding="UTF-8"?>
<!-- Generated by org.testng.reporters.JUnitXMLReporter -->
<testsuite ignored="0" hostname="IN-TS-THZ1GZ" failures="0" tests="9" name="grouping_Test" time="0.111" errors="0" timestamp="2026-01-12T08:07:06 IST">
  <testcase classname="AnnotaionsDemo2.GroupingDemo_Login" name="LoginEmail" time="0.008"/>
  <testcase classname="AnnotaionsDemo2.GroupingDemo_Login" name="loginFaceBook" time="0.002"/>
  <testcase classname="AnnotaionsDemo2.GroupingDemo_Login" name="loginInsta" time="0.001"/>
  <testcase classname="AnnotaionsDemo2.GroupingDemo2_SignUp" name="signupEmail" time="0.001"/>
  <testcase classname="AnnotaionsDemo2.GroupingDemo2_SignUp" name="signupFacebook" time="0.002"/>
  <testcase classname="AnnotaionsDemo2.GroupingDemo2_SignUp" name="signupInsta" time="0.002"/>
  <testcase classname="AnnotaionsDemo2.GroupingDemo3_Payment" name="payBycash" time="0.002"/>
  <testcase classname="AnnotaionsDemo2.GroupingDemo3_Payment" name="payByonline" time="0.001"/>
  <testcase classname="AnnotaionsDemo2.GroupingDemo3_Payment" name="payCard" time="0.002"/>
</testsuite> <!-- grouping_Test -->
