<?xml version="1.0" encoding="UTF-8"?>
<!-- Generated by org.testng.reporters.JUnitXMLReporter -->
<testsuite ignored="0" hostname="IN-TS-THZ1GZ" failures="1" tests="3" name="Test" time="14.114" errors="0" timestamp="2026-01-13T12:36:21 IST">
  <testcase classname="testNGListners.ListnersDemo" name="loginApp" time="11.793"/>
  <testcase classname="testNGListners.ListnersDemo" name="getTitle" time="0.013">
    <failure type="java.lang.AssertionError" message="expected [OrageHRM] but found [OrangeHRM]">
      <![CDATA[java.lang.AssertionError: expected [OrageHRM] but found [OrangeHRM]
at testNGListners.ListnersDemo.getTitle(ListnersDemo.java:42)
at java.base/java.util.ArrayList.forEach(ArrayList.java:1596)
... Removed 31 stack frames]]>
    </failure>
  </testcase> <!-- getTitle -->
  <testcase classname="testNGListners.ListnersDemo" name="testLogo" time="0.0">
    <skipped/>
  </testcase> <!-- testLogo -->
</testsuite> <!-- Test -->
