<?xml version="1.0" encoding="UTF-8"?>
<!-- Generated by org.testng.reporters.JUnitXMLReporter -->
<testsuite ignored="0" hostname="IN-TS-THZ1GZ" failures="0" tests="4" name="Test" time="15.574" errors="0" timestamp="2026-01-10T23:50:19 IST">
  <testcase classname="TestNgDemo.OrangeHRMDemo" name="openApp" time="7.925"/>
  <testcase classname="TestNgDemo.OrangeHRMDemo" name="testLogo" time="1.834"/>
  <testcase classname="TestNgDemo.OrangeHRMDemo" name="login" time="0.408"/>
  <testcase classname="TestNgDemo.OrangeHRMDemo" name="logout" time="5.364"/>
</testsuite> <!-- Test -->
