<?xml version="1.0" encoding="UTF-8"?>
<!-- Generated by org.testng.reporters.JUnitXMLReporter -->
<testsuite ignored="0" hostname="IN-TS-THZ1GZ" failures="0" tests="7" name="My Test" time="13.334" errors="0" timestamp="2026-01-11T00:13:48 IST">
  <testcase classname="TestNgDemo.FirstTestcase" name="open_app" time="0.008"/>
  <testcase classname="TestNgDemo.FirstTestcase" name="login" time="0.002"/>
  <testcase classname="TestNgDemo.FirstTestcase" name="logout" time="0.001"/>
  <testcase classname="TestNgDemo.OrangeHRMDemo" name="openApp" time="6.753"/>
  <testcase classname="TestNgDemo.OrangeHRMDemo" name="testLogo" time="0.634"/>
  <testcase classname="TestNgDemo.OrangeHRMDemo" name="login" time="0.236"/>
  <testcase classname="TestNgDemo.OrangeHRMDemo" name="logout" time="5.653"/>
</testsuite> <!-- My Test -->
