<?xml version="1.0" encoding="UTF-8"?>
<testng-results ignored="0" total="9" passed="9" failed="0" skipped="0">
  <reporter-output>
  </reporter-output>
  <suite started-at="2026-01-12T08:07:05 IST" name="groupingSuite" finished-at="2026-01-12T08:07:06 IST" duration-ms="111">
    <groups>
      <group name="Sanity">
        <method signature="GroupingDemo3_Payment.payBycash()[pri:1, instance:AnnotaionsDemo2.GroupingDemo3_Payment@5fe94a96]" name="payBycash" class="AnnotaionsDemo2.GroupingDemo3_Payment"/>
      </group> <!-- Sanity -->
      <group name="regression">
        <method signature="GroupingDemo2_SignUp.signupEmail()[pri:1, instance:AnnotaionsDemo2.GroupingDemo2_SignUp@639c2c1d]" name="signupEmail" class="AnnotaionsDemo2.GroupingDemo2_SignUp"/>
        <method signature="GroupingDemo3_Payment.payBycash()[pri:1, instance:AnnotaionsDemo2.GroupingDemo3_Payment@5fe94a96]" name="payBycash" class="AnnotaionsDemo2.GroupingDemo3_Payment"/>
        <method signature="GroupingDemo2_SignUp.signupFacebook()[pri:2, instance:AnnotaionsDemo2.GroupingDemo2_SignUp@639c2c1d]" name="signupFacebook" class="AnnotaionsDemo2.GroupingDemo2_SignUp"/>
        <method signature="GroupingDemo3_Payment.payByonline()[pri:2, instance:AnnotaionsDemo2.GroupingDemo3_Payment@5fe94a96]" name="payByonline" class="AnnotaionsDemo2.GroupingDemo3_Payment"/>
        <method signature="GroupingDemo2_SignUp.signupInsta()[pri:3, instance:AnnotaionsDemo2.GroupingDemo2_SignUp@639c2c1d]" name="signupInsta" class="AnnotaionsDemo2.GroupingDemo2_SignUp"/>
        <method signature="GroupingDemo3_Payment.payCard()[pri:3, instance:AnnotaionsDemo2.GroupingDemo3_Payment@5fe94a96]" name="payCard" class="AnnotaionsDemo2.GroupingDemo3_Payment"/>
      </group> <!-- regression -->
      <group name="sanity">
        <method signature="GroupingDemo_Login.LoginEmail()[pri:1, instance:AnnotaionsDemo2.GroupingDemo_Login@3e694b3f]" name="LoginEmail" class="AnnotaionsDemo2.GroupingDemo_Login"/>
        <method signature="GroupingDemo3_Payment.payByonline()[pri:2, instance:AnnotaionsDemo2.GroupingDemo3_Payment@5fe94a96]" name="payByonline" class="AnnotaionsDemo2.GroupingDemo3_Payment"/>
        <method signature="GroupingDemo_Login.loginFaceBook()[pri:2, instance:AnnotaionsDemo2.GroupingDemo_Login@3e694b3f]" name="loginFaceBook" class="AnnotaionsDemo2.GroupingDemo_Login"/>
        <method signature="GroupingDemo3_Payment.payCard()[pri:3, instance:AnnotaionsDemo2.GroupingDemo3_Payment@5fe94a96]" name="payCard" class="AnnotaionsDemo2.GroupingDemo3_Payment"/>
        <method signature="GroupingDemo_Login.loginInsta()[pri:3, instance:AnnotaionsDemo2.GroupingDemo_Login@3e694b3f]" name="loginInsta" class="AnnotaionsDemo2.GroupingDemo_Login"/>
      </group> <!-- sanity -->
    </groups>
    <test started-at="2026-01-12T08:07:05 IST" name="grouping_Test" finished-at="2026-01-12T08:07:06 IST" duration-ms="111">
      <class name="AnnotaionsDemo2.GroupingDemo_Login">
        <test-method signature="LoginEmail()[pri:1, instance:AnnotaionsDemo2.GroupingDemo_Login@3e694b3f]" started-at="2026-01-12T08:07:05 IST" name="LoginEmail" finished-at="2026-01-12T08:07:06 IST" duration-ms="8" status="PASS">
          <reporter-output>
          </reporter-output>
        </test-method> <!-- LoginEmail -->
        <test-method signature="loginFaceBook()[pri:2, instance:AnnotaionsDemo2.GroupingDemo_Login@3e694b3f]" started-at="2026-01-12T08:07:06 IST" name="loginFaceBook" finished-at="2026-01-12T08:07:06 IST" duration-ms="2" status="PASS">
          <reporter-output>
          </reporter-output>
        </test-method> <!-- loginFaceBook -->
        <test-method signature="loginInsta()[pri:3, instance:AnnotaionsDemo2.GroupingDemo_Login@3e694b3f]" started-at="2026-01-12T08:07:06 IST" name="loginInsta" finished-at="2026-01-12T08:07:06 IST" duration-ms="1" status="PASS">
          <reporter-output>
          </reporter-output>
        </test-method> <!-- loginInsta -->
      </class> <!-- AnnotaionsDemo2.GroupingDemo_Login -->
      <class name="AnnotaionsDemo2.GroupingDemo3_Payment">
        <test-method signature="payBycash()[pri:1, instance:AnnotaionsDemo2.GroupingDemo3_Payment@5fe94a96]" started-at="2026-01-12T08:07:06 IST" name="payBycash" finished-at="2026-01-12T08:07:06 IST" duration-ms="2" status="PASS">
          <reporter-output>
          </reporter-output>
        </test-method> <!-- payBycash -->
        <test-method signature="payByonline()[pri:2, instance:AnnotaionsDemo2.GroupingDemo3_Payment@5fe94a96]" started-at="2026-01-12T08:07:06 IST" name="payByonline" finished-at="2026-01-12T08:07:06 IST" duration-ms="1" status="PASS">
          <reporter-output>
          </reporter-output>
        </test-method> <!-- payByonline -->
        <test-method signature="payCard()[pri:3, instance:AnnotaionsDemo2.GroupingDemo3_Payment@5fe94a96]" started-at="2026-01-12T08:07:06 IST" name="payCard" finished-at="2026-01-12T08:07:06 IST" duration-ms="2" status="PASS">
          <reporter-output>
          </reporter-output>
        </test-method> <!-- payCard -->
      </class> <!-- AnnotaionsDemo2.GroupingDemo3_Payment -->
      <class name="AnnotaionsDemo2.GroupingDemo2_SignUp">
        <test-method signature="signupEmail()[pri:1, instance:AnnotaionsDemo2.GroupingDemo2_SignUp@639c2c1d]" started-at="2026-01-12T08:07:06 IST" name="signupEmail" finished-at="2026-01-12T08:07:06 IST" duration-ms="1" status="PASS">
          <reporter-output>
          </reporter-output>
        </test-method> <!-- signupEmail -->
        <test-method signature="signupFacebook()[pri:2, instance:AnnotaionsDemo2.GroupingDemo2_SignUp@639c2c1d]" started-at="2026-01-12T08:07:06 IST" name="signupFacebook" finished-at="2026-01-12T08:07:06 IST" duration-ms="2" status="PASS">
          <reporter-output>
          </reporter-output>
        </test-method> <!-- signupFacebook -->
        <test-method signature="signupInsta()[pri:3, instance:AnnotaionsDemo2.GroupingDemo2_SignUp@639c2c1d]" started-at="2026-01-12T08:07:06 IST" name="signupInsta" finished-at="2026-01-12T08:07:06 IST" duration-ms="2" status="PASS">
          <reporter-output>
          </reporter-output>
        </test-method> <!-- signupInsta -->
      </class> <!-- AnnotaionsDemo2.GroupingDemo2_SignUp -->
    </test> <!-- grouping_Test -->
  </suite> <!-- groupingSuite -->
</testng-results>
