<?xml version="1.0" encoding="UTF-8"?>
<testng-results ignored="0" total="7" passed="7" failed="0" skipped="0">
  <reporter-output>
  </reporter-output>
  <suite started-at="2026-01-11T00:13:35 IST" name="My Suite" finished-at="2026-01-11T00:13:48 IST" duration-ms="13334">
    <groups>
    </groups>
    <test started-at="2026-01-11T00:13:35 IST" name="My Test" finished-at="2026-01-11T00:13:48 IST" duration-ms="13334">
      <class name="TestNgDemo.OrangeHRMDemo">
        <test-method signature="openApp()[pri:0, instance:TestNgDemo.OrangeHRMDemo@618b19ad]" started-at="2026-01-11T00:13:35 IST" name="openApp" finished-at="2026-01-11T00:13:42 IST" duration-ms="6753" status="PASS">
          <reporter-output>
          </reporter-output>
        </test-method> <!-- openApp -->
        <test-method signature="testLogo()[pri:1, instance:TestNgDemo.OrangeHRMDemo@618b19ad]" started-at="2026-01-11T00:13:42 IST" name="testLogo" finished-at="2026-01-11T00:13:42 IST" duration-ms="634" status="PASS">
          <reporter-output>
          </reporter-output>
        </test-method> <!-- testLogo -->
        <test-method signature="login()[pri:2, instance:TestNgDemo.OrangeHRMDemo@618b19ad]" started-at="2026-01-11T00:13:42 IST" name="login" finished-at="2026-01-11T00:13:42 IST" duration-ms="236" status="PASS">
          <reporter-output>
          </reporter-output>
        </test-method> <!-- login -->
        <test-method signature="logout()[pri:3, instance:TestNgDemo.OrangeHRMDemo@618b19ad]" started-at="2026-01-11T00:13:42 IST" name="logout" finished-at="2026-01-11T00:13:48 IST" duration-ms="5653" status="PASS">
          <reporter-output>
          </reporter-output>
        </test-method> <!-- logout -->
      </class> <!-- TestNgDemo.OrangeHRMDemo -->
      <class name="TestNgDemo.FirstTestcase">
        <test-method signature="open_app()[pri:1, instance:TestNgDemo.FirstTestcase@397fbdb]" started-at="2026-01-11T00:13:35 IST" name="open_app" finished-at="2026-01-11T00:13:35 IST" duration-ms="8" status="PASS">
          <reporter-output>
          </reporter-output>
        </test-method> <!-- open_app -->
        <test-method signature="login()[pri:2, instance:TestNgDemo.FirstTestcase@397fbdb]" started-at="2026-01-11T00:13:35 IST" name="login" finished-at="2026-01-11T00:13:35 IST" duration-ms="2" status="PASS">
          <reporter-output>
          </reporter-output>
        </test-method> <!-- login -->
        <test-method signature="logout()[pri:3, instance:TestNgDemo.FirstTestcase@397fbdb]" started-at="2026-01-11T00:13:35 IST" name="logout" finished-at="2026-01-11T00:13:35 IST" duration-ms="1" status="PASS">
          <reporter-output>
          </reporter-output>
        </test-method> <!-- logout -->
      </class> <!-- TestNgDemo.FirstTestcase -->
    </test> <!-- My Test -->
  </suite> <!-- My Suite -->
</testng-results>
