<?xml version="1.0" encoding="UTF-8"?>
<!-- Generated by org.testng.reporters.JUnitReportReporter -->
<testsuite hostname="IN-TS-THZ1GZ" failures="0" tests="3" name="AnnotaionsDemo2.GroupingDemo2_SignUp" time="0.005" errors="0" timestamp="2026-01-12T08:07:06 IST" skipped="0">
  <testcase classname="AnnotaionsDemo2.GroupingDemo2_SignUp" name="signupEmail" time="0.001"/>
  <testcase classname="AnnotaionsDemo2.GroupingDemo2_SignUp" name="signupFacebook" time="0.002"/>
  <testcase classname="AnnotaionsDemo2.GroupingDemo2_SignUp" name="signupInsta" time="0.002"/>
</testsuite> <!-- AnnotaionsDemo2.GroupingDemo2_SignUp -->
