<?xml version="1.0" encoding="UTF-8"?>
<!-- Generated by org.testng.reporters.JUnitReportReporter -->
<testsuite hostname="DESKTOP-0EMFCIE" failures="0" tests="3" name="testNgGroupingConcept.Signup" time="0.008" errors="0" timestamp="2026-02-12T05:18:59 IST" skipped="0">
  <testcase classname="testNgGroupingConcept.Signup" name="email" time="0.004"/>
  <testcase classname="testNgGroupingConcept.Signup" name="facebook" time="0.002"/>
  <testcase classname="testNgGroupingConcept.Signup" name="gmail" time="0.002"/>
</testsuite> <!-- testNgGroupingConcept.Signup -->
