<?xml version="1.0" encoding="UTF-8"?>
<!-- Generated by org.testng.reporters.JUnitReportReporter -->
<testsuite hostname="IN-TS-THZ1GZ" failures="0" tests="4" name="TestNgDemo.OrangeHRMDemo" time="13.276" errors="0" timestamp="2026-01-11T00:13:48 IST" skipped="0">
  <testcase classname="TestNgDemo.OrangeHRMDemo" name="openApp" time="6.753"/>
  <testcase classname="TestNgDemo.OrangeHRMDemo" name="testLogo" time="0.634"/>
  <testcase classname="TestNgDemo.OrangeHRMDemo" name="login" time="0.236"/>
  <testcase classname="TestNgDemo.OrangeHRMDemo" name="logout" time="5.653"/>
</testsuite> <!-- TestNgDemo.OrangeHRMDemo -->
