<?xml version="1.0" encoding="UTF-8"?>
<!-- Generated by org.testng.reporters.JUnitReportReporter -->
<testsuite hostname="DESKTOP-0EMFCIE" failures="0" tests="3" name="testNgGroupingConcept.Payment" time="0.014" errors="0" timestamp="2026-02-12T05:25:16 IST" skipped="0">
  <testcase classname="testNgGroupingConcept.Payment" name="cash" time="0.010"/>
  <testcase classname="testNgGroupingConcept.Payment" name="card" time="0.002"/>
  <testcase classname="testNgGroupingConcept.Payment" name="online" time="0.002"/>
</testsuite> <!-- testNgGroupingConcept.Payment -->
