<?xml version="1.0" encoding="UTF-8"?>
<!-- Generated by org.testng.reporters.JUnitReportReporter -->
<testsuite hostname="IN-TS-THZ1GZ" failures="0" tests="3" name="TestNgDemo.FirstTestcase" time="0.011" errors="0" timestamp="2026-01-11T00:13:48 IST" skipped="0">
  <testcase classname="TestNgDemo.FirstTestcase" name="open_app" time="0.008"/>
  <testcase classname="TestNgDemo.FirstTestcase" name="login" time="0.002"/>
  <testcase classname="TestNgDemo.FirstTestcase" name="logout" time="0.001"/>
</testsuite> <!-- TestNgDemo.FirstTestcase -->
