<?xml version="1.0" encoding="UTF-8"?>
<!-- Generated by org.testng.reporters.JUnitReportReporter -->
<testsuite hostname="DESKTOP-0EMFCIE" failures="0" tests="4" name="testNgGroupingConcept.LoginTest" time="0.015" errors="0" timestamp="2026-02-12T05:22:01 IST" skipped="0">
  <testcase classname="testNgGroupingConcept.LoginTest" name="email" time="0.009"/>
  <testcase classname="testNgGroupingConcept.LoginTest" name="facebook" time="0.002"/>
  <testcase classname="testNgGroupingConcept.LoginTest" name="gmail" time="0.002"/>
  <testcase classname="testNgGroupingConcept.LoginTest" name="twitter" time="0.002"/>
</testsuite> <!-- testNgGroupingConcept.LoginTest -->
