<?xml version="1.0" encoding="UTF-8"?>
<!-- Generated by org.testng.reporters.JUnitReportReporter -->
<testsuite hostname="IN-TS-THZ1GZ" failures="0" tests="3" name="AnnotaionsDemo2.GroupingDemo_Login" time="0.011" errors="0" timestamp="2026-01-12T08:07:06 IST" skipped="0">
  <testcase classname="AnnotaionsDemo2.GroupingDemo_Login" name="LoginEmail" time="0.008"/>
  <testcase classname="AnnotaionsDemo2.GroupingDemo_Login" name="loginFaceBook" time="0.002"/>
  <testcase classname="AnnotaionsDemo2.GroupingDemo_Login" name="loginInsta" time="0.001"/>
</testsuite> <!-- AnnotaionsDemo2.GroupingDemo_Login -->
