<?xml version="1.0" encoding="UTF-8"?>
<!-- Generated by org.testng.reporters.JUnitXMLReporter -->
<testsuite ignored="8" hostname="DESKTOP-0EMFCIE" failures="0" tests="3" name="groupingtests" time="0.069" errors="0" timestamp="2026-02-12T05:25:16 IST">
  <testcase classname="testNgGroupingConcept.Payment" name="cash" time="0.01"/>
  <testcase classname="testNgGroupingConcept.Payment" name="card" time="0.002"/>
  <testcase classname="testNgGroupingConcept.Payment" name="online" time="0.002"/>
  <testcase classname="testNgGroupingConcept.Signup" name="email" time="0.0">
    <ignored/>
  </testcase> <!-- email -->
  <testcase classname="testNgGroupingConcept.LoginTest" name="facebook" time="0.0">
    <ignored/>
  </testcase> <!-- facebook -->
  <testcase classname="testNgGroupingConcept.Signup" name="facebook" time="0.0">
    <ignored/>
  </testcase> <!-- facebook -->
  <testcase classname="testNgGroupingConcept.LoginTest" name="gmail" time="0.0">
    <ignored/>
  </testcase> <!-- gmail -->
  <testcase classname="testNgGroupingConcept.LoginTest" name="email" time="0.0">
    <ignored/>
  </testcase> <!-- email -->
  <testcase classname="testNgGroupingConcept.Signup" name="gmail" time="0.0">
    <ignored/>
  </testcase> <!-- gmail -->
  <testcase classname="testNgGroupingConcept.Signup" name="twitter" time="0.0">
    <ignored/>
  </testcase> <!-- twitter -->
  <testcase classname="testNgGroupingConcept.LoginTest" name="twitter" time="0.0">
    <ignored/>
  </testcase> <!-- twitter -->
</testsuite> <!-- groupingtests -->
